2021-09-08 06:09:57.849 [http-nio-6001-exec-8] INFO  com.xingHe.web.controller.DepartmentController - DepartmentController:getAllDepartmentSelect
2021-09-08 06:09:59.333 [http-nio-6001-exec-4] INFO  com.xingHe.web.handelRequest.AspectRecordInfo - url:http://localhost:6001/news/getList
2021-09-08 06:09:59.334 [http-nio-6001-exec-4] INFO  com.xingHe.web.handelRequest.AspectRecordInfo - url:GET
2021-09-08 06:09:59.335 [http-nio-6001-exec-4] INFO  com.xingHe.web.handelRequest.AspectRecordInfo - Ip:http://localhost:6001/news/getList
2021-09-08 06:09:59.336 [http-nio-6001-exec-4] INFO  com.xingHe.web.handelRequest.AspectRecordInfo - 参数：cookie=bearer;eyJ0eXAiOiJKV1QiLCJhbGciOiJIUzI1NiJ9.eyJsb2dpbk5hbWUiOiLliJjlu7rlrociLCJ1c2VySWQiOiIxIiwiaXNzIjoicmVzdGFwaXVzZXIiLCJhdWQiOiLliJjlu7rlrociLCJleHAiOjE2MzExNzA3MzQsIm5iZiI6MTYzMDk5NzkzNH0.N50ZVdEZ8fHPck8rQhBhjWsvT9WhMd51SSHFpyMByDs&page=1&limit=10&titleName=
2021-09-08 06:09:59.348 [http-nio-6001-exec-4] INFO  com.xingHe.web.controller.NewsInfoController - getProperty:C:\Users\elane\Desktop\xh\xingHe\xingHe-web\target
2021-09-08 06:09:59.350 [http-nio-6001-exec-4] INFO  com.xingHe.web.controller.NewsInfoController - NewsInfoController.class.getResource:file:/C:/Users/elane/Desktop/xh/xingHe/xingHe-web/target/xingHe-web-2.2.5.RELEASE.jar!/BOOT-INF/classes!/com/xingHe/web/controller/
2021-09-08 06:09:59.350 [http-nio-6001-exec-4] INFO  com.xingHe.web.controller.NewsInfoController - NewsInfoController.class.getResource("/"):file:/C:/Users/elane/Desktop/xh/xingHe/xingHe-web/target/xingHe-web-2.2.5.RELEASE.jar!/BOOT-INF/classes!/
2021-09-08 06:09:59.361 [http-nio-6001-exec-4] INFO  com.xingHe.web.handelRequest.AspectRecordInfo - doBefore：LayuiTable(code=0, msg=null, count=2, data=[ListNewsVo(id=12df5ed3e3f34eb99d6b53a5f087888d, title=新品即将发布，敬请期待, tilteImage=null, newsType=null, content=<p>新品即将发布，敬请期待</p>, descripe=新品即将发布，敬请期待, showSeq=null, creator=刘建宇, createdby=null, createdTime=null, updatedby=null, updatedTime=2021-09-07 13:08:09, status=false), ListNewsVo(id=aaf5ca888edd41caad07c03aff592ba8, title=星河易寿官网上线啦, tilteImage=null, newsType=null, content=<p>热烈庆祝——星河易寿官网上线，请大家多多关注</p>, descripe=热烈庆祝——星河易寿官网上线, showSeq=null, creator=刘建宇, createdby=null, createdTime=null, updatedby=null, updatedTime=2021-09-07 13:07:24, status=false)])
2021-09-08 06:10:22.258 [http-nio-6001-exec-8] INFO  com.xingHe.web.handelRequest.AspectRecordInfo - url:http://localhost:6001/news/getList
2021-09-08 06:10:22.259 [http-nio-6001-exec-8] INFO  com.xingHe.web.handelRequest.AspectRecordInfo - url:GET
2021-09-08 06:10:22.260 [http-nio-6001-exec-8] INFO  com.xingHe.web.handelRequest.AspectRecordInfo - Ip:http://localhost:6001/news/getList
2021-09-08 06:10:22.261 [http-nio-6001-exec-8] INFO  com.xingHe.web.handelRequest.AspectRecordInfo - 参数：cookie=bearer;eyJ0eXAiOiJKV1QiLCJhbGciOiJIUzI1NiJ9.eyJsb2dpbk5hbWUiOiLliJjlu7rlrociLCJ1c2VySWQiOiIxIiwiaXNzIjoicmVzdGFwaXVzZXIiLCJhdWQiOiLliJjlu7rlrociLCJleHAiOjE2MzExNzA3MzQsIm5iZiI6MTYzMDk5NzkzNH0.N50ZVdEZ8fHPck8rQhBhjWsvT9WhMd51SSHFpyMByDs&page=1&limit=10&titleName=&orderCol=title&orderType=asc
2021-09-08 06:10:22.291 [http-nio-6001-exec-8] INFO  com.xingHe.web.controller.NewsInfoController - getProperty:C:\Users\elane\Desktop\xh\xingHe\xingHe-web\target
2021-09-08 06:10:22.293 [http-nio-6001-exec-8] INFO  com.xingHe.web.controller.NewsInfoController - NewsInfoController.class.getResource:file:/C:/Users/elane/Desktop/xh/xingHe/xingHe-web/target/xingHe-web-2.2.5.RELEASE.jar!/BOOT-INF/classes!/com/xingHe/web/controller/
2021-09-08 06:10:22.293 [http-nio-6001-exec-8] INFO  com.xingHe.web.controller.NewsInfoController - NewsInfoController.class.getResource("/"):file:/C:/Users/elane/Desktop/xh/xingHe/xingHe-web/target/xingHe-web-2.2.5.RELEASE.jar!/BOOT-INF/classes!/
2021-09-08 06:10:22.300 [http-nio-6001-exec-8] INFO  com.xingHe.web.handelRequest.AspectRecordInfo - doBefore：LayuiTable(code=0, msg=null, count=2, data=[ListNewsVo(id=12df5ed3e3f34eb99d6b53a5f087888d, title=新品即将发布，敬请期待, tilteImage=null, newsType=null, content=<p>新品即将发布，敬请期待</p>, descripe=新品即将发布，敬请期待, showSeq=null, creator=刘建宇, createdby=null, createdTime=null, updatedby=null, updatedTime=2021-09-07 13:08:09, status=false), ListNewsVo(id=aaf5ca888edd41caad07c03aff592ba8, title=星河易寿官网上线啦, tilteImage=null, newsType=null, content=<p>热烈庆祝——星河易寿官网上线，请大家多多关注</p>, descripe=热烈庆祝——星河易寿官网上线, showSeq=null, creator=刘建宇, createdby=null, createdTime=null, updatedby=null, updatedTime=2021-09-07 13:07:24, status=false)])
2021-09-08 06:10:23.356 [http-nio-6001-exec-5] INFO  com.xingHe.web.handelRequest.AspectRecordInfo - url:http://localhost:6001/news/getList
2021-09-08 06:10:23.359 [http-nio-6001-exec-5] INFO  com.xingHe.web.handelRequest.AspectRecordInfo - url:GET
2021-09-08 06:10:23.360 [http-nio-6001-exec-5] INFO  com.xingHe.web.handelRequest.AspectRecordInfo - Ip:http://localhost:6001/news/getList
2021-09-08 06:10:23.361 [http-nio-6001-exec-5] INFO  com.xingHe.web.handelRequest.AspectRecordInfo - 参数：cookie=bearer;eyJ0eXAiOiJKV1QiLCJhbGciOiJIUzI1NiJ9.eyJsb2dpbk5hbWUiOiLliJjlu7rlrociLCJ1c2VySWQiOiIxIiwiaXNzIjoicmVzdGFwaXVzZXIiLCJhdWQiOiLliJjlu7rlrociLCJleHAiOjE2MzExNzA3MzQsIm5iZiI6MTYzMDk5NzkzNH0.N50ZVdEZ8fHPck8rQhBhjWsvT9WhMd51SSHFpyMByDs&page=1&limit=10&titleName=&orderCol=title&orderType=desc
2021-09-08 06:10:23.363 [http-nio-6001-exec-5] INFO  com.xingHe.web.controller.NewsInfoController - getProperty:C:\Users\elane\Desktop\xh\xingHe\xingHe-web\target
2021-09-08 06:10:23.364 [http-nio-6001-exec-5] INFO  com.xingHe.web.controller.NewsInfoController - NewsInfoController.class.getResource:file:/C:/Users/elane/Desktop/xh/xingHe/xingHe-web/target/xingHe-web-2.2.5.RELEASE.jar!/BOOT-INF/classes!/com/xingHe/web/controller/
2021-09-08 06:10:23.366 [http-nio-6001-exec-5] INFO  com.xingHe.web.controller.NewsInfoController - NewsInfoController.class.getResource("/"):file:/C:/Users/elane/Desktop/xh/xingHe/xingHe-web/target/xingHe-web-2.2.5.RELEASE.jar!/BOOT-INF/classes!/
2021-09-08 06:10:23.376 [http-nio-6001-exec-5] INFO  com.xingHe.web.handelRequest.AspectRecordInfo - doBefore：LayuiTable(code=0, msg=null, count=2, data=[ListNewsVo(id=12df5ed3e3f34eb99d6b53a5f087888d, title=新品即将发布，敬请期待, tilteImage=null, newsType=null, content=<p>新品即将发布，敬请期待</p>, descripe=新品即将发布，敬请期待, showSeq=null, creator=刘建宇, createdby=null, createdTime=null, updatedby=null, updatedTime=2021-09-07 13:08:09, status=false), ListNewsVo(id=aaf5ca888edd41caad07c03aff592ba8, title=星河易寿官网上线啦, tilteImage=null, newsType=null, content=<p>热烈庆祝——星河易寿官网上线，请大家多多关注</p>, descripe=热烈庆祝——星河易寿官网上线, showSeq=null, creator=刘建宇, createdby=null, createdTime=null, updatedby=null, updatedTime=2021-09-07 13:07:24, status=false)])
2021-09-08 06:10:24.276 [http-nio-6001-exec-6] INFO  com.xingHe.web.handelRequest.AspectRecordInfo - url:http://localhost:6001/news/getList
2021-09-08 06:10:24.278 [http-nio-6001-exec-6] INFO  com.xingHe.web.handelRequest.AspectRecordInfo - url:GET
2021-09-08 06:10:24.278 [http-nio-6001-exec-6] INFO  com.xingHe.web.handelRequest.AspectRecordInfo - Ip:http://localhost:6001/news/getList
2021-09-08 06:10:24.279 [http-nio-6001-exec-6] INFO  com.xingHe.web.handelRequest.AspectRecordInfo - 参数：cookie=bearer;eyJ0eXAiOiJKV1QiLCJhbGciOiJIUzI1NiJ9.eyJsb2dpbk5hbWUiOiLliJjlu7rlrociLCJ1c2VySWQiOiIxIiwiaXNzIjoicmVzdGFwaXVzZXIiLCJhdWQiOiLliJjlu7rlrociLCJleHAiOjE2MzExNzA3MzQsIm5iZiI6MTYzMDk5NzkzNH0.N50ZVdEZ8fHPck8rQhBhjWsvT9WhMd51SSHFpyMByDs&page=1&limit=10&titleName=&orderCol=title&orderType=
2021-09-08 06:10:24.280 [http-nio-6001-exec-6] INFO  com.xingHe.web.controller.NewsInfoController - getProperty:C:\Users\elane\Desktop\xh\xingHe\xingHe-web\target
2021-09-08 06:10:24.281 [http-nio-6001-exec-6] INFO  com.xingHe.web.controller.NewsInfoController - NewsInfoController.class.getResource:file:/C:/Users/elane/Desktop/xh/xingHe/xingHe-web/target/xingHe-web-2.2.5.RELEASE.jar!/BOOT-INF/classes!/com/xingHe/web/controller/
2021-09-08 06:10:24.281 [http-nio-6001-exec-6] INFO  com.xingHe.web.controller.NewsInfoController - NewsInfoController.class.getResource("/"):file:/C:/Users/elane/Desktop/xh/xingHe/xingHe-web/target/xingHe-web-2.2.5.RELEASE.jar!/BOOT-INF/classes!/
2021-09-08 06:10:24.288 [http-nio-6001-exec-6] INFO  com.xingHe.web.handelRequest.AspectRecordInfo - doBefore：LayuiTable(code=0, msg=null, count=2, data=[ListNewsVo(id=12df5ed3e3f34eb99d6b53a5f087888d, title=新品即将发布，敬请期待, tilteImage=null, newsType=null, content=<p>新品即将发布，敬请期待</p>, descripe=新品即将发布，敬请期待, showSeq=null, creator=刘建宇, createdby=null, createdTime=null, updatedby=null, updatedTime=2021-09-07 13:08:09, status=false), ListNewsVo(id=aaf5ca888edd41caad07c03aff592ba8, title=星河易寿官网上线啦, tilteImage=null, newsType=null, content=<p>热烈庆祝——星河易寿官网上线，请大家多多关注</p>, descripe=热烈庆祝——星河易寿官网上线, showSeq=null, creator=刘建宇, createdby=null, createdTime=null, updatedby=null, updatedTime=2021-09-07 13:07:24, status=false)])
2021-09-08 06:10:24.936 [http-nio-6001-exec-4] INFO  com.xingHe.web.handelRequest.AspectRecordInfo - url:http://localhost:6001/news/getList
2021-09-08 06:10:24.937 [http-nio-6001-exec-4] INFO  com.xingHe.web.handelRequest.AspectRecordInfo - url:GET
2021-09-08 06:10:24.938 [http-nio-6001-exec-4] INFO  com.xingHe.web.handelRequest.AspectRecordInfo - Ip:http://localhost:6001/news/getList
2021-09-08 06:10:24.938 [http-nio-6001-exec-4] INFO  com.xingHe.web.handelRequest.AspectRecordInfo - 参数：cookie=bearer;eyJ0eXAiOiJKV1QiLCJhbGciOiJIUzI1NiJ9.eyJsb2dpbk5hbWUiOiLliJjlu7rlrociLCJ1c2VySWQiOiIxIiwiaXNzIjoicmVzdGFwaXVzZXIiLCJhdWQiOiLliJjlu7rlrociLCJleHAiOjE2MzExNzA3MzQsIm5iZiI6MTYzMDk5NzkzNH0.N50ZVdEZ8fHPck8rQhBhjWsvT9WhMd51SSHFpyMByDs&page=1&limit=10&titleName=&orderCol=title&orderType=asc
2021-09-08 06:10:24.940 [http-nio-6001-exec-4] INFO  com.xingHe.web.controller.NewsInfoController - getProperty:C:\Users\elane\Desktop\xh\xingHe\xingHe-web\target
2021-09-08 06:10:24.941 [http-nio-6001-exec-4] INFO  com.xingHe.web.controller.NewsInfoController - NewsInfoController.class.getResource:file:/C:/Users/elane/Desktop/xh/xingHe/xingHe-web/target/xingHe-web-2.2.5.RELEASE.jar!/BOOT-INF/classes!/com/xingHe/web/controller/
2021-09-08 06:10:24.941 [http-nio-6001-exec-4] INFO  com.xingHe.web.controller.NewsInfoController - NewsInfoController.class.getResource("/"):file:/C:/Users/elane/Desktop/xh/xingHe/xingHe-web/target/xingHe-web-2.2.5.RELEASE.jar!/BOOT-INF/classes!/
2021-09-08 06:10:24.948 [http-nio-6001-exec-4] INFO  com.xingHe.web.handelRequest.AspectRecordInfo - doBefore：LayuiTable(code=0, msg=null, count=2, data=[ListNewsVo(id=12df5ed3e3f34eb99d6b53a5f087888d, title=新品即将发布，敬请期待, tilteImage=null, newsType=null, content=<p>新品即将发布，敬请期待</p>, descripe=新品即将发布，敬请期待, showSeq=null, creator=刘建宇, createdby=null, createdTime=null, updatedby=null, updatedTime=2021-09-07 13:08:09, status=false), ListNewsVo(id=aaf5ca888edd41caad07c03aff592ba8, title=星河易寿官网上线啦, tilteImage=null, newsType=null, content=<p>热烈庆祝——星河易寿官网上线，请大家多多关注</p>, descripe=热烈庆祝——星河易寿官网上线, showSeq=null, creator=刘建宇, createdby=null, createdTime=null, updatedby=null, updatedTime=2021-09-07 13:07:24, status=false)])
2021-09-08 06:10:29.666 [http-nio-6001-exec-6] INFO  com.xingHe.web.controller.DepartmentController - DepartmentController:getAllDepartmentSelect
2021-09-08 06:10:30.664 [http-nio-6001-exec-1] INFO  com.xingHe.web.handelRequest.AspectRecordInfo - url:http://localhost:6001/news/getList
2021-09-08 06:10:30.665 [http-nio-6001-exec-1] INFO  com.xingHe.web.handelRequest.AspectRecordInfo - url:GET
2021-09-08 06:10:30.666 [http-nio-6001-exec-1] INFO  com.xingHe.web.handelRequest.AspectRecordInfo - Ip:http://localhost:6001/news/getList
2021-09-08 06:10:30.668 [http-nio-6001-exec-1] INFO  com.xingHe.web.handelRequest.AspectRecordInfo - 参数：cookie=bearer;eyJ0eXAiOiJKV1QiLCJhbGciOiJIUzI1NiJ9.eyJsb2dpbk5hbWUiOiLliJjlu7rlrociLCJ1c2VySWQiOiIxIiwiaXNzIjoicmVzdGFwaXVzZXIiLCJhdWQiOiLliJjlu7rlrociLCJleHAiOjE2MzExNzA3MzQsIm5iZiI6MTYzMDk5NzkzNH0.N50ZVdEZ8fHPck8rQhBhjWsvT9WhMd51SSHFpyMByDs&page=1&limit=10&titleName=
2021-09-08 06:10:30.672 [http-nio-6001-exec-1] INFO  com.xingHe.web.controller.NewsInfoController - getProperty:C:\Users\elane\Desktop\xh\xingHe\xingHe-web\target
2021-09-08 06:10:30.673 [http-nio-6001-exec-1] INFO  com.xingHe.web.controller.NewsInfoController - NewsInfoController.class.getResource:file:/C:/Users/elane/Desktop/xh/xingHe/xingHe-web/target/xingHe-web-2.2.5.RELEASE.jar!/BOOT-INF/classes!/com/xingHe/web/controller/
2021-09-08 06:10:30.673 [http-nio-6001-exec-1] INFO  com.xingHe.web.controller.NewsInfoController - NewsInfoController.class.getResource("/"):file:/C:/Users/elane/Desktop/xh/xingHe/xingHe-web/target/xingHe-web-2.2.5.RELEASE.jar!/BOOT-INF/classes!/
2021-09-08 06:10:30.691 [http-nio-6001-exec-1] INFO  com.xingHe.web.handelRequest.AspectRecordInfo - doBefore：LayuiTable(code=0, msg=null, count=2, data=[ListNewsVo(id=12df5ed3e3f34eb99d6b53a5f087888d, title=新品即将发布，敬请期待, tilteImage=null, newsType=null, content=<p>新品即将发布，敬请期待</p>, descripe=新品即将发布，敬请期待, showSeq=null, creator=刘建宇, createdby=null, createdTime=null, updatedby=null, updatedTime=2021-09-07 13:08:09, status=false), ListNewsVo(id=aaf5ca888edd41caad07c03aff592ba8, title=星河易寿官网上线啦, tilteImage=null, newsType=null, content=<p>热烈庆祝——星河易寿官网上线，请大家多多关注</p>, descripe=热烈庆祝——星河易寿官网上线, showSeq=null, creator=刘建宇, createdby=null, createdTime=null, updatedby=null, updatedTime=2021-09-07 13:07:24, status=false)])
2021-09-08 06:10:38.498 [http-nio-6001-exec-3] INFO  com.xingHe.web.controller.DepartmentController - DepartmentController:getAllDepartmentSelect
2021-09-08 06:10:40.107 [http-nio-6001-exec-6] INFO  com.xingHe.web.handelRequest.AspectRecordInfo - url:http://localhost:6001/news/getList
2021-09-08 06:10:40.108 [http-nio-6001-exec-6] INFO  com.xingHe.web.handelRequest.AspectRecordInfo - url:GET
2021-09-08 06:10:40.108 [http-nio-6001-exec-6] INFO  com.xingHe.web.handelRequest.AspectRecordInfo - Ip:http://localhost:6001/news/getList
2021-09-08 06:10:40.109 [http-nio-6001-exec-6] INFO  com.xingHe.web.handelRequest.AspectRecordInfo - 参数：cookie=bearer;eyJ0eXAiOiJKV1QiLCJhbGciOiJIUzI1NiJ9.eyJsb2dpbk5hbWUiOiLliJjlu7rlrociLCJ1c2VySWQiOiIxIiwiaXNzIjoicmVzdGFwaXVzZXIiLCJhdWQiOiLliJjlu7rlrociLCJleHAiOjE2MzExNzA3MzQsIm5iZiI6MTYzMDk5NzkzNH0.N50ZVdEZ8fHPck8rQhBhjWsvT9WhMd51SSHFpyMByDs&page=1&limit=10&titleName=
2021-09-08 06:10:40.111 [http-nio-6001-exec-6] INFO  com.xingHe.web.controller.NewsInfoController - getProperty:C:\Users\elane\Desktop\xh\xingHe\xingHe-web\target
2021-09-08 06:10:40.112 [http-nio-6001-exec-6] INFO  com.xingHe.web.controller.NewsInfoController - NewsInfoController.class.getResource:file:/C:/Users/elane/Desktop/xh/xingHe/xingHe-web/target/xingHe-web-2.2.5.RELEASE.jar!/BOOT-INF/classes!/com/xingHe/web/controller/
2021-09-08 06:10:40.112 [http-nio-6001-exec-6] INFO  com.xingHe.web.controller.NewsInfoController - NewsInfoController.class.getResource("/"):file:/C:/Users/elane/Desktop/xh/xingHe/xingHe-web/target/xingHe-web-2.2.5.RELEASE.jar!/BOOT-INF/classes!/
2021-09-08 06:10:40.157 [http-nio-6001-exec-6] INFO  com.xingHe.web.handelRequest.AspectRecordInfo - doBefore：LayuiTable(code=0, msg=null, count=2, data=[ListNewsVo(id=12df5ed3e3f34eb99d6b53a5f087888d, title=新品即将发布，敬请期待, tilteImage=null, newsType=null, content=<p>新品即将发布，敬请期待</p>, descripe=新品即将发布，敬请期待, showSeq=null, creator=刘建宇, createdby=null, createdTime=null, updatedby=null, updatedTime=2021-09-07 13:08:09, status=false), ListNewsVo(id=aaf5ca888edd41caad07c03aff592ba8, title=星河易寿官网上线啦, tilteImage=null, newsType=null, content=<p>热烈庆祝——星河易寿官网上线，请大家多多关注</p>, descripe=热烈庆祝——星河易寿官网上线, showSeq=null, creator=刘建宇, createdby=null, createdTime=null, updatedby=null, updatedTime=2021-09-07 13:07:24, status=false)])
